<?xml version="1.0"?>
<opencv_storage>
  <numberOfAreas>2</numberOfAreas>
  <area_1>
    <id>bottom</id>
    <type>room</type>
    <polygons>
      <numberOfPolygons>1</numberOfPolygons>
      <polygon_1>
          -0.43 -0.4 -0.43 0.13 0.58 0.16 0.59 -0.37
      </polygon_1>
    </polygons>
    <color>
      <r>45</r>
      <g>130</g>
      <b>220</b>
    </color>
    <controlMode>goStraight</controlMode>
    <motionPattern>pidController</motionPattern>
  </area_1>
  <area_2>
    <id>top</id>
    <type>room</type>
    <polygons>
      <numberOfPolygons>1</numberOfPolygons>
      <polygon_1>
          -0.43 0.13 -0.43 0.61 0.58 0.62 0.59 0.16
      </polygon_1>
    </polygons>
    <color>
      <r>220</r>
      <g>0</g>
      <b>0</b>
    </color>
    <controlMode>manual</controlMode>
    <motionPattern>pidController</motionPattern>
  </area_2>
  <preferedAreaId>top</preferedAreaId>
</opencv_storage>
